# JRE version: OpenJDK Runtime Environment (11.0.22+12) (build 11.0.22+12-LTS)
# Java VM: OpenJDK 64-Bit Server VM (11.0.22+12-LTS, mixed mode, tiered, compressed oops, g1 gc, linux-amd64)
Heap:
 garbage-first heap   total 160768K, used 79138K [0x0000000085a00000, 0x0000000100000000)
  region size 1024K, 24 young (24576K), 2 survivors (2048K)
 Metaspace       used 42671K, capacity 43481K, committed 44620K, reserved 1089536K
  class space    used 4176K, capacity 4479K, committed 4940K, reserved 1048576K
GC Heap History (20 events):
Event: 15196,593 GC heap before
{Heap before GC invocations=193 (full 0):
 garbage-first heap   total 160768K, used 105007K [0x0000000085a00000, 0x0000000100000000)
  region size 1024K, 41 young (41984K), 1 survivors (1024K)
 Metaspace       used 42196K, capacity 42936K, committed 44108K, reserved 1089536K
  class space    used 4173K, capacity 4478K, committed 4940K, reserved 1048576K
}
Event: 15196,595 GC heap after
{Heap after GC invocations=194 (full 0):
 garbage-first heap   total 160768K, used 40222K [0x0000000085a00000, 0x0000000100000000)
  region size 1024K, 1 young (1024K), 1 survivors (1024K)
 Metaspace       used 42196K, capacity 42936K, committed 44108K, reserved 1089536K
  class space    used 4173K, capacity 4478K, committed 4940K, reserved 1048576K
}
Event: 15380,436 GC heap before
{Heap before GC invocations=195 (full 0):
 garbage-first heap   total 160768K, used 124190K [0x0000000085a00000, 0x0000000100000000)
  region size 1024K, 60 young (61440K), 1 survivors (1024K)
 Metaspace       used 42220K, capacity 42936K, committed 44108K, reserved 1089536K
  class space    used 4173K, capacity 4478K, committed 4940K, reserved 1048576K
}
Event: 15380,439 GC heap after
{Heap after GC invocations=196 (full 0):
 garbage-first heap   total 160768K, used 48706K [0x0000000085a00000, 0x0000000100000000)
  region size 1024K, 1 young (1024K), 1 survivors (1024K)
 Metaspace       used 42220K, capacity 42936K, committed 44108K, reserved 1089536K
  class space    used 4173K, capacity 4478K, committed 4940K, reserved 1048576K
}
Event: 15503,360 GC heap before
{Heap before GC invocations=197 (full 0):
 garbage-first heap   total 160768K, used 105026K [0x0000000085a00000, 0x0000000100000000)
  region size 1024K, 41 young (41984K), 1 survivors (1024K)
 Metaspace       used 42465K, capacity 43268K, committed 44364K, reserved 1089536K
  class space    used 4173K, capacity 4478K, committed 4940K, reserved 1048576K
}
Event: 15503,361 GC heap after
{Heap after GC invocations=198 (full 0):
 garbage-first heap   total 160768K, used 40239K [0x0000000085a00000, 0x0000000100000000)
  region size 1024K, 1 young (1024K), 1 survivors (1024K)
 Metaspace       used 42465K, capacity 43268K, committed 44364K, reserved 1089536K
  class space    used 4173K, capacity 4478K, committed 4940K, reserved 1048576K
}
Event: 15687,593 GC heap before
{Heap before GC invocations=199 (full 0):
 garbage-first heap   total 160768K, used 124207K [0x0000000085a00000, 0x0000000100000000)
  region size 1024K, 60 young (61440K), 1 survivors (1024K)
 Metaspace       used 42591K, capacity 43332K, committed 44620K, reserved 1089536K
  class space    used 4173K, capacity 4478K, committed 4940K, reserved 1048576K
}
Event: 15687,595 GC heap after
{Heap after GC invocations=200 (full 0):
 garbage-first heap   total 160768K, used 48721K [0x0000000085a00000, 0x0000000100000000)
  region size 1024K, 1 young (1024K), 1 survivors (1024K)
 Metaspace       used 42591K, capacity 43332K, committed 44620K, reserved 1089536K
  class space    used 4173K, capacity 4478K, committed 4940K, reserved 1048576K
}
Event: 15810,262 GC heap before
{Heap before GC invocations=201 (full 0):
 garbage-first heap   total 160768K, used 105041K [0x0000000085a00000, 0x0000000100000000)
  region size 1024K, 41 young (41984K), 1 survivors (1024K)
 Metaspace       used 42633K, capacity 43478K, committed 44620K, reserved 1089536K
  class space    used 4173K, capacity 4478K, committed 4940K, reserved 1048576K
}
Event: 15810,265 GC heap after
{Heap after GC invocations=202 (full 0):
 garbage-first heap   total 160768K, used 40252K [0x0000000085a00000, 0x0000000100000000)
  region size 1024K, 1 young (1024K), 1 survivors (1024K)
 Metaspace       used 42633K, capacity 43478K, committed 44620K, reserved 1089536K
  class space    used 4173K, capacity 4478K, committed 4940K, reserved 1048576K
}
Event: 15994,653 GC heap before
{Heap before GC invocations=203 (full 0):
 garbage-first heap   total 160768K, used 123196K [0x0000000085a00000, 0x0000000100000000)
  region size 1024K, 60 young (61440K), 1 survivors (1024K)
 Metaspace       used 42633K, capacity 43478K, committed 44620K, reserved 1089536K
  class space    used 4173K, capacity 4478K, committed 4940K, reserved 1048576K
}
Event: 15994,655 GC heap after
{Heap after GC invocations=204 (full 0):
 garbage-first heap   total 160768K, used 48729K [0x0000000085a00000, 0x0000000100000000)
  region size 1024K, 1 young (1024K), 1 survivors (1024K)
 Metaspace       used 42633K, capacity 43478K, committed 44620K, reserved 1089536K
  class space    used 4173K, capacity 4478K, committed 4940K, reserved 1048576K
}
Event: 16117,339 GC heap before
{Heap before GC invocations=205 (full 0):
 garbage-first heap   total 160768K, used 104025K [0x0000000085a00000, 0x0000000100000000)
  region size 1024K, 41 young (41984K), 1 survivors (1024K)
 Metaspace       used 42636K, capacity 43478K, committed 44620K, reserved 1089536K
  class space    used 4173K, capacity 4478K, committed 4940K, reserved 1048576K
}
Event: 16117,342 GC heap after
{Heap after GC invocations=206 (full 0):
 garbage-first heap   total 160768K, used 40414K [0x0000000085a00000, 0x0000000100000000)
  region size 1024K, 1 young (1024K), 1 survivors (1024K)
 Metaspace       used 42636K, capacity 43478K, committed 44620K, reserved 1089536K
  class space    used 4173K, capacity 4478K, committed 4940K, reserved 1048576K
}
Event: 16301,372 GC heap before
{Heap before GC invocations=207 (full 0):
 garbage-first heap   total 160768K, used 123358K [0x0000000085a00000, 0x0000000100000000)
  region size 1024K, 60 young (61440K), 1 survivors (1024K)
 Metaspace       used 42637K, capacity 43478K, committed 44620K, reserved 1089536K
  class space    used 4173K, capacity 4478K, committed 4940K, reserved 1048576K
}
Event: 16301,375 GC heap after
{Heap after GC invocations=208 (full 0):
 garbage-first heap   total 160768K, used 49042K [0x0000000085a00000, 0x0000000100000000)
  region size 1024K, 2 young (2048K), 2 survivors (2048K)
 Metaspace       used 42637K, capacity 43478K, committed 44620K, reserved 1089536K
  class space    used 4173K, capacity 4478K, committed 4940K, reserved 1048576K
}
Event: 16424,123 GC heap before
{Heap before GC invocations=209 (full 0):
 garbage-first heap   total 160768K, used 104338K [0x0000000085a00000, 0x0000000100000000)
  region size 1024K, 42 young (43008K), 2 survivors (2048K)
 Metaspace       used 42639K, capacity 43478K, committed 44620K, reserved 1089536K
  class space    used 4173K, capacity 4478K, committed 4940K, reserved 1048576K
}
Event: 16424,127 GC heap after
{Heap after GC invocations=210 (full 0):
 garbage-first heap   total 160768K, used 40553K [0x0000000085a00000, 0x0000000100000000)
  region size 1024K, 1 young (1024K), 1 survivors (1024K)
 Metaspace       used 42639K, capacity 43478K, committed 44620K, reserved 1089536K
  class space    used 4173K, capacity 4478K, committed 4940K, reserved 1048576K
}
Event: 16608,182 GC heap before
{Heap before GC invocations=211 (full 0):
 garbage-first heap   total 160768K, used 124521K [0x0000000085a00000, 0x0000000100000000)
  region size 1024K, 61 young (62464K), 1 survivors (1024K)
 Metaspace       used 42642K, capacity 43478K, committed 44620K, reserved 1089536K
  class space    used 4173K, capacity 4478K, committed 4940K, reserved 1048576K
}
Event: 16608,184 GC heap after
{Heap after GC invocations=212 (full 0):
 garbage-first heap   total 160768K, used 49442K [0x0000000085a00000, 0x0000000100000000)
  region size 1024K, 2 young (2048K), 2 survivors (2048K)
 Metaspace       used 42642K, capacity 43478K, committed 44620K, reserved 1089536K
  class space    used 4173K, capacity 4478K, committed 4940K, reserved 1048576K
}

