# JRE version: OpenJDK Runtime Environment (11.0.22+12) (build 11.0.22+12-LTS)
# Java VM: OpenJDK 64-Bit Server VM (11.0.22+12-LTS, mixed mode, tiered, compressed oops, g1 gc, linux-amd64)
Heap:
 garbage-first heap   total 126976K, used 107232K [0x0000000085800000, 0x0000000100000000)
  region size 1024K, 57 young (58368K), 1 survivors (1024K)
 Metaspace       used 41154K, capacity 41919K, committed 43084K, reserved 1087488K
  class space    used 4155K, capacity 4476K, committed 4940K, reserved 1048576K
GC Heap History (20 events):
Event: 1,475 GC heap before
{Heap before GC invocations=1 (full 0):
 garbage-first heap   total 126976K, used 18022K [0x0000000085800000, 0x0000000100000000)
  region size 1024K, 16 young (16384K), 3 survivors (3072K)
 Metaspace       used 20778K, capacity 21190K, committed 21248K, reserved 1069056K
  class space    used 2086K, capacity 2259K, committed 2304K, reserved 1048576K
}
Event: 1,481 GC heap after
{Heap after GC invocations=2 (full 0):
 garbage-first heap   total 126976K, used 7472K [0x0000000085800000, 0x0000000100000000)
  region size 1024K, 5 young (5120K), 5 survivors (5120K)
 Metaspace       used 20778K, capacity 21190K, committed 21248K, reserved 1069056K
  class space    used 2086K, capacity 2259K, committed 2304K, reserved 1048576K
}
Event: 2,707 GC heap before
{Heap before GC invocations=3 (full 0):
 garbage-first heap   total 126976K, used 26928K [0x0000000085800000, 0x0000000100000000)
  region size 1024K, 19 young (19456K), 5 survivors (5120K)
 Metaspace       used 22455K, capacity 22952K, committed 23040K, reserved 1069056K
  class space    used 2278K, capacity 2483K, committed 2560K, reserved 1048576K
}
Event: 2,721 GC heap after
{Heap after GC invocations=4 (full 0):
 garbage-first heap   total 126976K, used 10053K [0x0000000085800000, 0x0000000100000000)
  region size 1024K, 1 young (1024K), 1 survivors (1024K)
 Metaspace       used 22455K, capacity 22952K, committed 23040K, reserved 1069056K
  class space    used 2278K, capacity 2483K, committed 2560K, reserved 1048576K
}
Event: 3,348 GC heap before
{Heap before GC invocations=4 (full 0):
 garbage-first heap   total 126976K, used 38725K [0x0000000085800000, 0x0000000100000000)
  region size 1024K, 23 young (23552K), 1 survivors (1024K)
 Metaspace       used 34870K, capacity 35778K, committed 35840K, reserved 1081344K
  class space    used 3775K, capacity 4168K, committed 4224K, reserved 1048576K
}
Event: 3,354 GC heap after
{Heap after GC invocations=5 (full 0):
 garbage-first heap   total 126976K, used 23998K [0x0000000085800000, 0x0000000100000000)
  region size 1024K, 6 young (6144K), 6 survivors (6144K)
 Metaspace       used 34870K, capacity 35778K, committed 35840K, reserved 1081344K
  class space    used 3775K, capacity 4168K, committed 4224K, reserved 1048576K
}
Event: 130,883 GC heap before
{Heap before GC invocations=6 (full 0):
 garbage-first heap   total 126976K, used 67006K [0x0000000085800000, 0x0000000100000000)
  region size 1024K, 49 young (50176K), 6 survivors (6144K)
 Metaspace       used 39493K, capacity 40620K, committed 40908K, reserved 1085440K
  class space    used 4265K, capacity 4733K, committed 4812K, reserved 1048576K
}
Event: 130,908 GC heap after
{Heap after GC invocations=7 (full 0):
 garbage-first heap   total 126976K, used 28945K [0x0000000085800000, 0x0000000100000000)
  region size 1024K, 5 young (5120K), 5 survivors (5120K)
 Metaspace       used 39493K, capacity 40620K, committed 40908K, reserved 1085440K
  class space    used 4265K, capacity 4733K, committed 4812K, reserved 1048576K
}
Event: 720,539 GC heap before
{Heap before GC invocations=8 (full 0):
 garbage-first heap   total 126976K, used 80145K [0x0000000085800000, 0x0000000100000000)
  region size 1024K, 49 young (50176K), 5 survivors (5120K)
 Metaspace       used 40141K, capacity 41232K, committed 41420K, reserved 1085440K
  class space    used 4274K, capacity 4736K, committed 4812K, reserved 1048576K
}
Event: 720,544 GC heap after
{Heap after GC invocations=9 (full 0):
 garbage-first heap   total 126976K, used 28624K [0x0000000085800000, 0x0000000100000000)
  region size 1024K, 2 young (2048K), 2 survivors (2048K)
 Metaspace       used 40141K, capacity 41232K, committed 41420K, reserved 1085440K
  class space    used 4274K, capacity 4736K, committed 4812K, reserved 1048576K
}
Event: 1808,127 GC heap before
{Heap before GC invocations=9 (full 0):
 garbage-first heap   total 126976K, used 91088K [0x0000000085800000, 0x0000000100000000)
  region size 1024K, 55 young (56320K), 2 survivors (2048K)
 Metaspace       used 40668K, capacity 41755K, committed 41932K, reserved 1087488K
  class space    used 4274K, capacity 4736K, committed 4812K, reserved 1048576K
}
Event: 1808,130 GC heap after
{Heap after GC invocations=10 (full 0):
 garbage-first heap   total 126976K, used 28729K [0x0000000085800000, 0x0000000100000000)
  region size 1024K, 3 young (3072K), 3 survivors (3072K)
 Metaspace       used 40668K, capacity 41755K, committed 41932K, reserved 1087488K
  class space    used 4274K, capacity 4736K, committed 4812K, reserved 1048576K
}
Event: 2667,167 GC heap before
{Heap before GC invocations=10 (full 0):
 garbage-first heap   total 126976K, used 105529K [0x0000000085800000, 0x0000000100000000)
  region size 1024K, 63 young (64512K), 3 survivors (3072K)
 Metaspace       used 41231K, capacity 42389K, committed 42572K, reserved 1087488K
  class space    used 4327K, capacity 4820K, committed 4940K, reserved 1048576K
}
Event: 2667,171 GC heap after
{Heap after GC invocations=11 (full 0):
 garbage-first heap   total 126976K, used 37136K [0x0000000085800000, 0x0000000100000000)
  region size 1024K, 3 young (3072K), 3 survivors (3072K)
 Metaspace       used 41231K, capacity 42389K, committed 42572K, reserved 1087488K
  class space    used 4327K, capacity 4820K, committed 4940K, reserved 1048576K
}
Event: 3861,674 GC heap before
{Heap before GC invocations=11 (full 0):
 garbage-first heap   total 126976K, used 110864K [0x0000000085800000, 0x0000000100000000)
  region size 1024K, 60 young (61440K), 3 survivors (3072K)
 Metaspace       used 41674K, capacity 42804K, committed 43084K, reserved 1087488K
  class space    used 4328K, capacity 4820K, committed 4940K, reserved 1048576K
}
Event: 3861,677 GC heap after
{Heap after GC invocations=12 (full 0):
 garbage-first heap   total 126976K, used 37382K [0x0000000085800000, 0x0000000100000000)
  region size 1024K, 3 young (3072K), 3 survivors (3072K)
 Metaspace       used 41674K, capacity 42804K, committed 43084K, reserved 1087488K
  class space    used 4328K, capacity 4820K, committed 4940K, reserved 1048576K
}
Event: 5745,643 GC heap before
{Heap before GC invocations=12 (full 0):
 garbage-first heap   total 126976K, used 112134K [0x0000000085800000, 0x0000000100000000)
  region size 1024K, 62 young (63488K), 3 survivors (3072K)
 Metaspace       used 41765K, capacity 42871K, committed 43084K, reserved 1087488K
  class space    used 4330K, capacity 4820K, committed 4940K, reserved 1048576K
}
Event: 5745,649 GC heap after
{Heap after GC invocations=13 (full 0):
 garbage-first heap   total 126976K, used 45064K [0x0000000085800000, 0x0000000100000000)
  region size 1024K, 3 young (3072K), 3 survivors (3072K)
 Metaspace       used 41765K, capacity 42871K, committed 43084K, reserved 1087488K
  class space    used 4330K, capacity 4820K, committed 4940K, reserved 1048576K
}
Event: 6350,851 GC heap before
{Heap before GC invocations=14 (full 0):
 garbage-first heap   total 126976K, used 71688K [0x0000000085800000, 0x0000000100000000)
  region size 1024K, 22 young (22528K), 3 survivors (3072K)
 Metaspace       used 41108K, capacity 41910K, committed 43084K, reserved 1087488K
  class space    used 4151K, capacity 4474K, committed 4940K, reserved 1048576K
}
Event: 6350,858 GC heap after
{Heap after GC invocations=15 (full 0):
 garbage-first heap   total 126976K, used 27360K [0x0000000085800000, 0x0000000100000000)
  region size 1024K, 1 young (1024K), 1 survivors (1024K)
 Metaspace       used 41108K, capacity 41910K, committed 43084K, reserved 1087488K
  class space    used 4151K, capacity 4474K, committed 4940K, reserved 1048576K
}

